<?xml version="1.0" encoding="UTF-8"?>
<!-- Generated by org.testng.reporters.JUnitReportReporter -->
<testsuite hostname="Pugazh" failures="0" tests="1" name="assertions.GetCRwithQueryPath" time="4.049" errors="0" timestamp="2023-11-26T11:58:13 GMT" skipped="0">
  <testcase classname="assertions.GetCRwithQueryPath" name="getCRwithQuerypath" time="4.049"/>
  <system-out/>
</testsuite> <!-- assertions.GetCRwithQueryPath -->
