<?xml version="1.0" encoding="UTF-8"?>
<!-- Generated by org.testng.reporters.JUnitReportReporter -->
<testsuite hostname="Pugazh" failures="0" tests="1" name="schemaValidation.CreateCR" time="2.799" errors="0" timestamp="2023-12-17T11:17:41 GMT" skipped="0">
  <testcase classname="schemaValidation.CreateCR" name="createanCR" time="2.799"/>
  <system-out/>
</testsuite> <!-- schemaValidation.CreateCR -->
