<?xml version="1.0" encoding="UTF-8"?>
<!-- Generated by org.testng.reporters.JUnitReportReporter -->
<testsuite hostname="Pugazh" failures="0" tests="1" name="mocking.CreateChangeRequest" time="1.358" errors="0" timestamp="2023-12-17T08:15:23 GMT" skipped="0">
  <testcase classname="mocking.CreateChangeRequest" name="createCR" time="1.358"/>
  <system-out/>
</testsuite> <!-- mocking.CreateChangeRequest -->
