<?xml version="1.0" encoding="UTF-8"?>
<!-- Generated by org.testng.reporters.JUnitReportReporter -->
<testsuite hostname="Pugazh" failures="0" tests="1" name="graphQL.Create_GraphQL" time="2.179" errors="0" timestamp="2024-01-11T11:22:59 GMT" skipped="0">
  <testcase classname="graphQL.Create_GraphQL" name="createQuery" time="2.179"/>
  <system-out/>
</testsuite> <!-- graphQL.Create_GraphQL -->
