<?xml version="1.0" encoding="UTF-8"?>
<!-- Generated by org.testng.reporters.JUnitReportReporter -->
<testsuite hostname="Pugazh" failures="0" tests="1" name="chaining.CreateChangeRequest" time="4.373" errors="0" timestamp="2023-11-26T10:54:59 GMT" skipped="0">
  <testcase classname="chaining.CreateChangeRequest" name="createCR" time="4.373"/>
  <system-out/>
</testsuite> <!-- chaining.CreateChangeRequest -->
