<?xml version="1.0" encoding="UTF-8"?>
<!-- Generated by org.testng.reporters.JUnitReportReporter -->
<testsuite hostname="Pugazh" failures="0" tests="1" name="chaining.DeleteCR" time="2.379" errors="0" timestamp="2023-11-26T11:09:01 GMT" skipped="0">
  <testcase classname="chaining.DeleteCR" name="deleteCR" time="2.379"/>
  <system-out/>
</testsuite> <!-- chaining.DeleteCR -->
