<?xml version="1.0" encoding="UTF-8"?>
<!-- Generated by org.testng.reporters.JUnitReportReporter -->
<testsuite hostname="Pugazh" failures="0" tests="1" name="assertions.CreateCR" time="4.732" errors="0" timestamp="2023-11-26T11:58:54 GMT" skipped="0">
  <testcase classname="assertions.CreateCR" name="createanCR" time="4.732"/>
  <system-out/>
</testsuite> <!-- assertions.CreateCR -->
