<?xml version="1.0" encoding="UTF-8"?>
<!-- Generated by org.testng.reporters.JUnitReportReporter -->
<testsuite hostname="Pugazh" failures="0" tests="1" name="w3.Day1.CreateChangeRequest" time="7.036" errors="0" timestamp="2023-11-29T14:24:01 GMT" skipped="0">
  <testcase classname="w3.Day1.CreateChangeRequest" name="createCR" time="7.036"/>
  <system-out/>
</testsuite> <!-- w3.Day1.CreateChangeRequest -->
