<?xml version="1.0" encoding="UTF-8"?>
<!-- Generated by org.testng.reporters.JUnitReportReporter -->
<testsuite hostname="Pugazh" failures="0" tests="1" name="mocking.CreateStub" time="1.317" errors="0" timestamp="2023-12-17T08:02:52 GMT" skipped="0">
  <testcase classname="mocking.CreateStub" name="createStub" time="1.317"/>
  <system-out/>
</testsuite> <!-- mocking.CreateStub -->
