<?xml version="1.0" encoding="UTF-8"?>
<!-- Generated by org.testng.reporters.JUnitReportReporter -->
<testsuite hostname="Pugazh" failures="0" tests="1" name="w3.Day1.UpdateChangeRequest" time="3.645" errors="0" timestamp="2023-11-25T12:08:40 GMT" skipped="0">
  <testcase classname="w3.Day1.UpdateChangeRequest" name="updateCR" time="3.645"/>
  <system-out/>
</testsuite> <!-- w3.Day1.UpdateChangeRequest -->
