<?xml version="1.0" encoding="UTF-8"?>
<!-- Generated by org.testng.reporters.JUnitReportReporter -->
<testsuite hostname="Pugazh" failures="0" tests="1" name="jiraAssignment.DeleteRequestJira" time="0.635" errors="0" timestamp="2023-11-30T20:53:21 GMT" skipped="0">
  <testcase classname="jiraAssignment.DeleteRequestJira" name="deleteJiraRequest" time="0.635"/>
  <system-out/>
</testsuite> <!-- jiraAssignment.DeleteRequestJira -->
