<?xml version="1.0" encoding="UTF-8"?>
<!-- Generated by org.testng.reporters.JUnitReportReporter -->
<testsuite hostname="Pugazh" failures="0" tests="1" name="jiraAssignment.UpdateRequestJira" time="0.500" errors="0" timestamp="2023-11-30T20:51:50 GMT" skipped="0">
  <testcase classname="jiraAssignment.UpdateRequestJira" name="updateJiraRequest" time="0.500"/>
  <system-out/>
</testsuite> <!-- jiraAssignment.UpdateRequestJira -->
