<?xml version="1.0" encoding="UTF-8"?>
<!-- Generated by org.testng.reporters.JUnitReportReporter -->
<testsuite hostname="Pugazh" failures="0" tests="1" name="assertions.GenerateDynamicValues" time="0.301" errors="0" timestamp="2023-11-30T20:55:41 GMT" skipped="0">
  <testcase classname="assertions.GenerateDynamicValues" name="generateDynamicValues" time="0.301"/>
  <system-out/>
</testsuite> <!-- assertions.GenerateDynamicValues -->
