<?xml version="1.0" encoding="UTF-8"?>
<!-- Generated by org.testng.reporters.JUnitReportReporter -->
<testsuite hostname="Pugazh" failures="0" tests="1" name="w3.Day1.GetCRwithQuerypaths" time="4.707" errors="0" timestamp="2023-11-26T06:03:22 GMT" skipped="0">
  <testcase classname="w3.Day1.GetCRwithQuerypaths" name="getCRWithQPS" time="4.707"/>
  <system-out/>
</testsuite> <!-- w3.Day1.GetCRwithQuerypaths -->
