<?xml version="1.0" encoding="UTF-8"?>
<!-- Generated by org.testng.reporters.JUnitReportReporter -->
<testsuite hostname="Pugazh" failures="0" tests="1" name="chaining.UpdateCR" time="4.396" errors="0" timestamp="2023-11-29T11:38:21 GMT" skipped="0">
  <testcase classname="chaining.UpdateCR" name="updateCR" time="4.396"/>
  <system-out/>
</testsuite> <!-- chaining.UpdateCR -->
