<?xml version="1.0" encoding="UTF-8"?>
<!-- Generated by org.testng.reporters.JUnitReportReporter -->
<testsuite hostname="Pugazh" failures="0" tests="1" name="mocking.GetIncident" time="1.592" errors="0" timestamp="2023-12-17T08:15:35 GMT" skipped="0">
  <testcase classname="mocking.GetIncident" name="getIncident" time="1.592"/>
  <system-out/>
</testsuite> <!-- mocking.GetIncident -->
