<?xml version="1.0" encoding="UTF-8"?>
<!-- Generated by org.testng.reporters.JUnitReportReporter -->
<testsuite hostname="Pugazh" failures="0" tests="1" name="w3.Day1.GetCRwithQueryPath" time="6.200" errors="0" timestamp="2023-11-26T05:48:24 GMT" skipped="0">
  <testcase classname="w3.Day1.GetCRwithQueryPath" name="getCRwithQuerypath" time="6.200"/>
  <system-out/>
</testsuite> <!-- w3.Day1.GetCRwithQueryPath -->
