<?xml version="1.0" encoding="UTF-8"?>
<!-- Generated by org.testng.reporters.JUnitReportReporter -->
<testsuite hostname="Pugazh" failures="0" tests="1" name="jiraAssignment.CreateRequestJira" time="3.798" errors="0" timestamp="2023-11-30T20:53:21 GMT" skipped="0">
  <testcase classname="jiraAssignment.CreateRequestJira" name="createJiraRequest" time="3.798"/>
  <system-out/>
</testsuite> <!-- jiraAssignment.CreateRequestJira -->
